
[2026-06-08 23:03:31.439367]

============================================================
SECURITY ALERT
============================================================
Timestamp: 2026-06-08 23:03:31
Rule: Failed Login Attempt
Severity: MEDIUM
Occurrences: 3
Log Entry: 2026-06-08 23:03:31 sshd[1234]: Failed password for admin from 192.168.1.100
============================================================

--------------------------------------------------------------------------------

[2026-06-08 23:03:34.440253]

============================================================
SECURITY ALERT
============================================================
Timestamp: 2026-06-08 23:03:34
Rule: Root Access
Severity: HIGH
Occurrences: 1
Log Entry: 2026-06-08 23:03:34 su: root login on tty1
============================================================

--------------------------------------------------------------------------------

[2026-06-08 23:03:35.440745]

============================================================
SECURITY ALERT
============================================================
Timestamp: 2026-06-08 23:03:35
Rule: Port Scan Detected
Severity: HIGH
Occurrences: 1
Log Entry: 2026-06-08 23:03:35 firewall: port scan detected from 10.0.0.50
============================================================

--------------------------------------------------------------------------------

[2026-06-08 23:03:36.441163]

============================================================
SECURITY ALERT
============================================================
Timestamp: 2026-06-08 23:03:36
Rule: Port Scan Detected
Severity: HIGH
Occurrences: 1
Log Entry: 2026-06-08 23:03:36 firewall: port scan detected from 10.0.0.50
============================================================

--------------------------------------------------------------------------------

[2026-06-08 23:03:38.441749]

============================================================
SECURITY ALERT
============================================================
Timestamp: 2026-06-08 23:03:38
Rule: Failed Login Attempt
Severity: MEDIUM
Occurrences: 3
Log Entry: 2026-06-08 23:03:37 sshd[1234]: Failed password for admin from 192.168.1.100
============================================================

--------------------------------------------------------------------------------

[2026-06-08 23:03:54.445009]

============================================================
SECURITY ALERT
============================================================
Timestamp: 2026-06-08 23:03:54
Rule: Failed Login Attempt
Severity: MEDIUM
Occurrences: 3
Log Entry: 2026-06-08 23:03:54 sshd[9999]: Failed password for root from 1.2.3.4
============================================================

--------------------------------------------------------------------------------
