CHAIN OF CUSTODY LOG
=====================
Case ID: CASE-2024-001
Evidence Collection Date: Tue Jun  9 03:20:32 UTC 2026
Collected By: Lab Student
Location: Forensics Environment

EVIDENCE ITEMS:
---------------
Item: app.conf
  Collected: Tue Jun  9 03:20:32 UTC 2026
  Size: 65 bytes
  SHA256: cafbbbdb1b010ce62e39a9df4bdc26d2c49739c8b8051857c64c4c517db7efbe

Item: suspicious_doc.txt
  Collected: Tue Jun  9 03:20:32 UTC 2026
  Size: 120 bytes
  SHA256: 0d2c85761b45db679b7660e50afed1ba94205df12f9d975b1b4d4bdec2a3a1e9

Item: system.log
  Collected: Tue Jun  9 03:20:32 UTC 2026
  Size: 202 bytes
  SHA256: 380f2573cd09271fd43b8a96c4e05b6bc43991bb9ba366b65b3060b9214166f9

